2025-11-26 10:55:17 - Log file cleared.
2025-11-26 10:55:20 - Status checked — CPU: 14%, MEM: 18.66%, DISK: 31%
2025-11-26 10:56:09 - Status checked — CPU: 10.4%, MEM: 18.75%, DISK: 31%
2025-11-26 10:56:15 - Started monitoring loop.
2025-11-26 11:00:44 - Started monitoring loop.
2025-11-26 11:00:44 - Status checked — CPU: 14%, MEM: 18.82%, DISK: 31%
2025-11-26 11:00:45 - Status checked — CPU: 8.2%, MEM: 18.85%, DISK: 31%
2025-11-26 11:00:47 - Status checked — CPU: 63%, MEM: 18.84%, DISK: 31%
2025-11-26 11:00:48 - Status checked — CPU: 10.2%, MEM: 18.82%, DISK: 31%
2025-11-26 11:00:49 - Status checked — CPU: 17%, MEM: 18.82%, DISK: 31%
2025-11-26 11:00:51 - Status checked — CPU: 6.4%, MEM: 18.80%, DISK: 31%
2025-11-26 11:00:52 - Status checked — CPU: 8.3%, MEM: 18.80%, DISK: 31%
2025-11-26 11:00:53 - Status checked — CPU: 12%, MEM: 18.80%, DISK: 31%
2025-11-26 11:00:54 - Status checked — CPU: 6.5%, MEM: 18.79%, DISK: 31%
2025-11-26 11:00:56 - Status checked — CPU: 8.3%, MEM: 18.79%, DISK: 31%
2025-11-26 11:00:57 - Status checked — CPU: 10.2%, MEM: 18.79%, DISK: 31%
2025-11-26 13:27:11 - Started monitoring loop.
2025-11-26 13:27:11 - Status checked — CPU: 66.1%, MEM: 27.46%, DISK: 31%
2025-11-26 13:27:13 - Status checked — CPU: 51.9%, MEM: 27.39%, DISK: 31%
2025-11-26 13:27:14 - Status checked — CPU: 52.7%, MEM: 27.39%, DISK: 31%
2025-11-26 13:27:16 - Status checked — CPU: 51.9%, MEM: 27.38%, DISK: 31%
2025-11-26 13:27:17 - Status checked — CPU: 49.1%, MEM: 27.39%, DISK: 31%
2025-11-26 13:27:18 - Status checked — CPU: 58%, MEM: 27.41%, DISK: 31%
2025-11-26 13:27:20 - Status checked — CPU: 50%, MEM: 27.34%, DISK: 31%
2025-11-26 13:27:21 - Status checked — CPU: 49.1%, MEM: 27.34%, DISK: 31%
2025-11-26 13:27:23 - Status checked — CPU: 49.1%, MEM: 27.32%, DISK: 31%
2025-11-26 13:27:24 - Status checked — CPU: 53.7%, MEM: 27.32%, DISK: 31%
2025-11-26 13:30:38 - Started monitoring loop.
2025-11-26 13:30:38 - Status checked — CPU: 57.1%, MEM: 26.61%, DISK: 31%
2025-11-26 13:30:41 - Status checked — CPU: 59.6%, MEM: 26.61%, DISK: 31%
2025-11-26 13:30:43 - Status checked — CPU: 51.9%, MEM: 26.61%, DISK: 31%
2025-11-26 13:30:46 - Status checked — CPU: 47.2%, MEM: 26.71%, DISK: 31%
2025-11-26 13:30:48 - Status checked — CPU: 57.4%, MEM: 26.76%, DISK: 31%
2025-11-26 13:30:50 - Status checked — CPU: 55.4%, MEM: 26.75%, DISK: 31%
2025-11-26 13:30:52 - Status checked — CPU: 73.8%, MEM: 26.77%, DISK: 31%
2025-11-26 13:30:53 - Stopped monitoring loop
2025-11-26 13:31:51 - Started monitoring loop.
2025-11-26 13:31:52 - Status checked — CPU: 67.3%, MEM: 26.99%, DISK: 31%
2025-11-26 13:31:54 - Status checked — CPU: 55.2%, MEM: 26.99%, DISK: 31%
2025-11-26 13:31:55 - Stopped monitoring loop
2025-11-26 13:32:01 - Started monitoring loop.
2025-11-26 13:32:01 - Status checked — CPU: 57.4%, MEM: 26.99%, DISK: 31%
2025-11-26 13:32:03 - Status checked — CPU: 52.8%, MEM: 26.97%, DISK: 31%
2025-11-26 13:32:06 - Status checked — CPU: 50.9%, MEM: 26.98%, DISK: 31%
2025-11-26 13:32:08 - Status checked — CPU: 54.7%, MEM: 26.96%, DISK: 31%
2025-11-26 13:32:11 - Status checked — CPU: 58.9%, MEM: 26.95%, DISK: 31%
2025-11-26 13:32:13 - Status checked — CPU: 56.4%, MEM: 26.96%, DISK: 31%
2025-11-26 13:32:15 - Status checked — CPU: 56.4%, MEM: 26.96%, DISK: 31%
2025-11-26 13:32:18 - Status checked — CPU: 55.6%, MEM: 26.89%, DISK: 31%
2025-11-26 13:32:20 - Status checked — CPU: 49.1%, MEM: 26.90%, DISK: 31%
2025-11-26 13:32:23 - Status checked — CPU: 61.8%, MEM: 26.90%, DISK: 31%
2025-11-26 13:32:25 - Status checked — CPU: 53.6%, MEM: 26.89%, DISK: 31%
2025-11-26 13:32:28 - Status checked — CPU: 54.7%, MEM: 26.91%, DISK: 31%
2025-11-26 13:32:30 - Status checked — CPU: 55.4%, MEM: 26.91%, DISK: 31%
2025-11-26 13:32:32 - Status checked — CPU: 64.8%, MEM: 26.96%, DISK: 31%
2025-11-26 13:32:35 - Status checked — CPU: 6.4%, MEM: 23.84%, DISK: 31%
2025-11-26 13:32:37 - Status checked — CPU: 6.4%, MEM: 23.71%, DISK: 31%
2025-11-26 13:32:39 - Status checked — CPU: 8.7%, MEM: 23.56%, DISK: 31%
2025-11-26 13:32:42 - Status checked — CPU: 52.9%, MEM: 23.49%, DISK: 31%
2025-11-26 13:32:44 - Status checked — CPU: 8.3%, MEM: 23.43%, DISK: 31%
2025-11-26 13:32:45 - Stopped monitoring loop
2025-11-26 13:34:04 - Started monitoring loop.
2025-11-26 13:34:04 - Status checked — CPU: 12.2%, MEM: 23.87%, DISK: 31%
2025-11-26 13:34:06 - Status checked — CPU: 35.3%, MEM: 23.89%, DISK: 31%
2025-11-26 13:34:09 - Status checked — CPU: 4.4%, MEM: 23.92%, DISK: 31%
2025-11-26 13:34:11 - Status checked — CPU: 10.6%, MEM: 23.92%, DISK: 31%
2025-11-26 13:34:13 - Status checked — CPU: 6.5%, MEM: 23.91%, DISK: 31%
2025-11-26 13:34:15 - Status checked — CPU: 8.3%, MEM: 23.90%, DISK: 31%
2025-11-26 13:34:18 - Status checked — CPU: 58.6%, MEM: 23.93%, DISK: 31%
2025-11-26 13:34:20 - Status checked — CPU: 39.6%, MEM: 24.47%, DISK: 31%
2025-11-26 13:34:22 - Status checked — CPU: 8.3%, MEM: 23.93%, DISK: 31%
2025-11-26 13:34:25 - Status checked — CPU: 10.6%, MEM: 23.94%, DISK: 31%
2025-11-26 13:34:27 - Status checked — CPU: 8.3%, MEM: 23.94%, DISK: 31%
2025-11-26 13:34:29 - Status checked — CPU: 6.4%, MEM: 23.93%, DISK: 31%
2025-11-26 13:34:32 - Status checked — CPU: 8.5%, MEM: 23.94%, DISK: 31%
2025-11-26 13:34:34 - Status checked — CPU: 10.2%, MEM: 23.93%, DISK: 31%
2025-11-26 13:34:36 - Status checked — CPU: 18.4%, MEM: 23.95%, DISK: 31%
2025-11-26 13:34:39 - Status checked — CPU: 6.4%, MEM: 23.95%, DISK: 31%
2025-11-26 13:34:41 - Status checked — CPU: 6.4%, MEM: 23.96%, DISK: 31%
2025-11-26 13:34:43 - Status checked — CPU: 12%, MEM: 23.95%, DISK: 31%
2025-11-26 13:34:46 - Status checked — CPU: 10.4%, MEM: 23.95%, DISK: 31%
2025-11-26 13:34:48 - Status checked — CPU: 10.4%, MEM: 23.95%, DISK: 31%
2025-11-26 13:34:50 - Status checked — CPU: 4.3%, MEM: 23.90%, DISK: 31%
2025-11-26 13:34:53 - Status checked — CPU: 8.3%, MEM: 23.90%, DISK: 31%
2025-11-26 13:34:55 - Status checked — CPU: 6.4%, MEM: 23.91%, DISK: 31%
2025-11-26 13:34:57 - Status checked — CPU: 10.4%, MEM: 23.91%, DISK: 31%
2025-11-26 13:35:00 - Status checked — CPU: 4.3%, MEM: 23.88%, DISK: 31%
2025-11-26 13:35:02 - Status checked — CPU: 16.7%, MEM: 23.88%, DISK: 31%
2025-11-26 13:35:04 - Status checked — CPU: 6.2%, MEM: 23.88%, DISK: 31%
2025-11-26 13:35:06 - Status checked — CPU: 13.7%, MEM: 23.88%, DISK: 31%
2025-11-26 13:35:09 - Status checked — CPU: 10.4%, MEM: 23.89%, DISK: 31%
2025-11-26 13:35:10 - Stopped monitoring loop
